[2026-06-16T14:45:01.147Z] GET https://takemyenergy13.github.io/chat-analyzer-results/ → pending (?ms, ?B)
[2026-06-16T14:45:01.770Z] GET https://fonts.googleapis.com/css2?family=Archivo:wght@400;500;600&family=Instrument+Serif:ital@0;1&family=JetBrains+Mono:wght@400;500;700&display=swap → 200 (571ms, 13301B)
[2026-06-16T14:45:02.396Z] GET https://fonts.gstatic.com/s/archivo/v25/k3kPo8UDI-1M0wlSV9XAw6lQkqWY8Q82sLydOxI.woff2 → pending (?ms, ?B)
[2026-06-16T14:45:02.396Z] GET https://fonts.gstatic.com/s/jetbrainsmono/v24/tDbv2o-flEEny0FZhsfKu5WU4zr3E_BX0PnT8RD8yKwBNntkaToggR7BYRbKPxDcwg.woff2 → pending (?ms, ?B)
[2026-06-16T14:45:02.396Z] GET https://fonts.gstatic.com/s/instrumentserif/v5/jizBRFtNs2ka5fXjeivQ4LroWlx-6zUTjg.woff2 → pending (?ms, ?B)
[2026-06-16T14:45:02.396Z] GET https://fonts.gstatic.com/s/jetbrainsmono/v24/tDbv2o-flEEny0FZhsfKu5WU4zr3E_BX0PnT8RD8yKwBNntkaToggR7BYRbKPxTcwhsk.woff2 → pending (?ms, ?B)
[2026-06-16T14:45:02.396Z] GET https://fonts.gstatic.com/s/instrumentserif/v5/jizHRFtNs2ka5fXjeivQ4LroWlx-6zAjjH7M.woff2 → pending (?ms, ?B)
[2026-06-16T14:45:02.396Z] GET https://takemyenergy13.github.io/chat-analyzer-results/assets/01.jpg → pending (?ms, ?B)
[2026-06-16T14:45:02.397Z] GET https://takemyenergy13.github.io/chat-analyzer-results/assets/02.jpg → pending (?ms, ?B)
[2026-06-16T14:45:02.398Z] GET https://takemyenergy13.github.io/chat-analyzer-results/assets/03.jpg → 200 (192ms, ?B)
[2026-06-16T14:45:02.398Z] GET https://takemyenergy13.github.io/chat-analyzer-results/assets/04.jpg → pending (?ms, ?B)
[2026-06-16T14:45:02.398Z] GET https://takemyenergy13.github.io/chat-analyzer-results/assets/05.jpg → pending (?ms, ?B)
[2026-06-16T14:45:02.714Z] GET https://takemyenergy13.github.io/chat-analyzer-results/assets/06.jpg → 200 (199ms, 106477B)
[2026-06-16T14:45:02.714Z] GET https://takemyenergy13.github.io/chat-analyzer-results/assets/07.jpg → 200 (190ms, 98958B)
[2026-06-16T14:45:02.714Z] GET https://takemyenergy13.github.io/chat-analyzer-results/assets/08.jpg → 200 (205ms, 80102B)
[2026-06-16T14:45:02.714Z] GET https://takemyenergy13.github.io/chat-analyzer-results/assets/09.jpg → 200 (174ms, 66683B)
[2026-06-16T14:45:02.714Z] GET https://takemyenergy13.github.io/chat-analyzer-results/assets/10.jpg → 200 (168ms, 49956B)
[2026-06-16T14:45:02.714Z] GET https://takemyenergy13.github.io/chat-analyzer-results/assets/11.jpg → 200 (182ms, 102039B)
[2026-06-16T14:45:02.714Z] GET https://takemyenergy13.github.io/chat-analyzer-results/assets/12.jpg → 200 (259ms, 55236B)
[2026-06-16T14:45:02.714Z] GET https://takemyenergy13.github.io/chat-analyzer-results/assets/13.jpg → 200 (205ms, 73058B)
